:104000005542200135D0085A8245CE18314000393A
:104010003F403A000F9308249242CE1820012F838C
:104020009F4F10A40011F8233F4094070F930724DB
:104030009242CE1820011F83CF433A11F9232183E6
:10404000B0122A56474F3D4022003E40FF003F40FD
:10405000C011B01268A1F2439A18F243C318B240DB
:10406000805A2001A242600182432E01A2428001B7
:1040700082431E01B24020026001B2402001800153
:10408000F24084FF5700C2435800B2400040820112
:104090003B400C003D4000080E430C4D0CDE5942E5
:1040A00057000A4C8A107AF0070079F0F8FF4AD9D5
:1040B000C24A5700C24C5600794003000A430843E5
:1040C0000F3C18429001385282489201B2F0FEFF34
:1040D000820192B38201FD271F427001084A0A4FF4
:1040E0007953EF230A883A900104012C0E4C0D11EC
:1040F0003B53D3230F4E3FF0E0003F90E0000220FF
:104100003EF0E0FF5C4257000D4E8D107DF0070041
:104110007CF0F8FF4DDCC24D5700C24E56005E42A7
:1041200057007EF007007ED080FFC24E5700E2426B
:104130005800F2F0FDFF000082437001B24002021D
:10414000600182439001B240020180011E42600181
:104150003EF0CFFF3ED02000824E60011E42800123
:104160003EF0CFFF3ED02000824E8001C2432600A9
:10417000C2432E00C2431B00C2431F00C243330090
:10418000C2433700C2432100F240E0FF2200F24068
:1041900030002900F2407B002A00C2431900F2409F
:1041A000F1FF1A00F240DDFF1D00F240FDFF1E008E
:1041B000F2433100F2433200C2433500F24336008D
:1041C000C2432500C2432D001F4270011E427001F0
:1041D0000E8F3E900128FA2BE2D31A00F2D21A0079
:1041E000F2D080FF1E00F2D010001E00F2D080FF3F
:1041F0001D00F2D010001D0003430343F2F0EFFF57
:104200001D00F2F0F7FF19005F43B0125C484F4306
:10421000B0125C485F43B0125C485F43B0125C4828
:104220005F43B0125C484F43B0125C484F43B0123A
:104230005C485F43B0125C48F2D010001D00F2D21F
:104240001900E2D31900F2D010003200F2D02000A1
:104250003200F2D040003200F2D010003100B01233
:10426000266BF2D040003100B0120E954F93FC2324
:10427000F2430212F2430312B240B2119C18B24050
:10428000B4119E18C2437612B0129C478243A80113
:104290008243A401B01296473FD00C00B012904761
:1042A000F243AC18C2434C12C2434E12F2400A0011
:1042B000DE13C2433412C2433E12C243A0188243EB
:1042C000CA18C243BE18C2437212B0127247C24328
:1042D0006312C2436212F243F811B2439011C24317
:1042E0009211B2439411C2439611B2439811C24342
:1042F0009A11B2439C11C2439E11B012D046C24FD4
:10430000B1151F4238111F53824F241282432612C7
:10431000B2F0EFFF8601B24000408601B240841740
:104320008011F2F0EFFF2200E2D21E00F2F0FDFF5A
:104330001E00B2F0EFFF8201B24000408201F24362
:104340003C12C243F213C243F313C243F413C243F9
:10435000F513E2D21E00F2D040001E00F2D0200081
:104360001E00B0122A561B422411B0123C56824B3A
:104370004412B012D04B824C0814824D0A14824E63
:104380000C14824F0E14D24222111612C24317127D
:10439000F2401F00F013F2401500AF15B012D04BE1
:1043A000824C0814824D0A14824E0C14824F0E1453
:1043B0003E4008140D4E3D5007000C436F4EEE4D2D
:1043C0000000CD4F00001C531E533D532C92F6238A
:1043D000C243E911C243B818C2431912C2430014C0
:1043E000B0120E954F93FC234F47B0123C5632D279
:1043F0003F402000B012D2A1824FC8183F40200099
:10440000B012D2A1824F14123F402000B012D2A1AC
:10441000824F36123F402000B012D2A1824FA2112B
:104420003F402000B012D2A1824F58123F402000DE
:10443000B012D2A1824FAE113F402000B012D2A1E3
:10444000824F8A113F401100B012D2A1824FBC119D
:10445000F240120020129243A0119243E4139243BF
:1044600006149243D4139243E8139243AA1892433A
:10447000221292431C129243BA119243E0139243C8
:1044800010129243DA13C2439818D2433D12C2432A
:104490006C12C2430912B2400001C618824362176F
:1044A000AF420000B0122A56F2F07F002A00B0128C
:1044B0003C565F4228004F932D34D243ED134F43B7
:1044C000B0121277B240B215F211B2403C16F4119C
:1044D000B240C616F611C243E213C243AB11C24347
:1044E000A818D2432C12B24010145C12B2409A1495
:1044F0005E12B24024156012C243CC18C243881128
:10450000C2438C11D243AA115F43B01234784F9347
:1045100007241F3CC243ED135F43B0121277D23F12
:10452000B0122A56829378110324B0123C56193CDB
:1045300092437811B0123C56B0122A56F2D02000A5
:104540001D00B0123C563E4014000F43B012F668F6
:10455000083C6F43B012D2654F93B2205F43B01254
:10456000D265B0122A564E4FF2900A00DE1308248C
:10457000E2920A120524B0123C56C2432C12073CA8
:104580004F4EB0123C567F400F00B0124456B0124E
:104590002A564A4F863CC2932A117724B2B01000A3
:1045A00062010820B2B0100064010420B2B0100013
:1045B000660107241E4260013EF000033E900002A7
:1045C0002E245F4204003FB0C00005245F4271000A
:1045D0003FF0200026205F4205003FB03000052458
:1045E0005F4279003FF020001E205F4270001FF301
:1045F0001C245F4271003FF020001A245F427200C9
:104600003FF0200018245F4270002FF217245F4211
:1046100070003FF0200015207E400500133C6E43E3
:10462000113C6E430F3C6E430D3C7E4005000A3C3E
:104630007E400500073C7E400500043C7E400500AE
:10464000013C6E43B2B01000A0011924B2B01000BA
:10465000A2010524B2B2A2010F246E43103C1F42F6
:10466000A2013FB000040B241D4260013DF0000395
:104670003D9000020420023C4E43013C6E437E907C
:10468000050001286E42C24E7C115E427C110E5E16
:104690001E4EECA33ED2814E000022D132C2034313
:1046A0000343F2939A187727B012A6554B4F7F9386
:1046B00072274F4AB0123C564F4BB012CE85673F1F
:1046C000C243AA114E3F32D0F000FD3F3040E2A27B
:1046D0000B120A1209120812071206123C404E83EE
:1046E0000D431E4224121F422612B012409F074D56
:1046F000084E094F0E4C0F4712C30F100E10085EE4
:10470000096F0993053438F339F0FF7F18530963B3
:1047100082482412824926120F48364137413841D7
:1047200039413A413B4130413D4060012E4D0F5FE0
:104730000F5F0F5F0F5F3FF030003EF0CFFF0FDEE7
:104740008D4F000030411F42A0013041824FA00137
:104750003041824FA2013041C24F77005F420200D8
:104760003FF04000FB27F2F0BFFF02005F427600FF
:104770003041C2435317C2435217E2420A12C243A6
:10478000EC13C2435A17C243121282436E123041D5
:10479000824FA00130411F42A00130411F42A201BF
:1047A000B2F0F9FFA201B2F0FCFFA001B2F0EFFFFE
:1047B000A0011E42A2013FF006000FDE824FA201BF
:1047C00030411E4270013F9001800A283F50008016
:1047D0001D4270010D8E0F9DFB2F0E5F3F4000802C
:1047E0001D4270010D8E0F9DFB2F3041F2F0EFFF47
:1047F0002A003041F2D010002A0030414F4F3F5084
:1048000080004E4ECF4E000030414F4F3F50800051
:104810006F4F30411F429001013C0F4E1E429001EC
:104820000F9EFB233041B2F0EFFF8401E2D31F0063
:10483000B2F0FEFF8401B2F0FDFF84014F4F8F10F4
:104840007E4006000F5F7E53FD233FD00001824F64
:104850008401B2D0100084014F4330414F930424AF
:104860005F4219006FD3043C5F4219007FF0FDFFE7
:10487000C24F1900F2D21900F2F0F7FF19003041CF
:10488000F2F0EFFF05003F403300FFF0FDFF0000B6
:10489000FFF0FBFF0000FFF0F7FF00003041F2F0F7
:1048A000CFFF05003F401B00FFF0BFFF0000FFF0FF
:1048B0007F00000030415C4F02008C105E4F010011
:1048C0000CDE0E4C8E104E4E12C30E1012C30E1084
:1048D0003EF003005D4EF8A38D110E4C8E104E4E2F
:1048E0007C40060012C30E107C53FC235E4EF8A3DE
:1048F0008E110E5D3E5006000F5E30410B126E4F62
:104900005D43013C5D534C4D0B4F0B5C6B4B4B932C
:10491000F9274E4E0E8C0E5E0E5E0E5E4F434B4BD5
:10492000013C5F530D4B4C4F7CF00F004C93032424
:104930000D117C53FB3F1D93F4374F4F0F5E3B41EE
:1049400030410E4F3EF0070012C30F1012C30F107C
:1049500012C30F100E9302204F4F30415F5330416E
:104960000B120A12091208120712061205120A4D3A
:1049700018411000194112000B4E12C30B1012C344
:104980000B1012C30B100C4E3CF007000E4D0E5CCA
:104990003E900900252C3D420D8E1B530B5F1F439B
:1049A0007AF00F004A9303240F5F7A53FB3F3F5383
:1049B0004E4D7EF00F004E9303240F5F7E53FB3F5E
:1049C0006C4B4CCF0E480F497DF01F004D930424D3
:1049D0000E5E0F6F7D53FA3F4CDECB4C0000653C02
:1049E0000C9321240A4E3A821B53074F075B1D4349
:1049F0003E424E8C7EF00F004E9303240D5D7E539D
:104A0000FB3F7D53664746CD0C480D494E4A7EF02C
:104A10001F004E93052412C30D100C107E53F93F56
:104A200046DCC7460000064B0E4A123C3E82165337
:104A3000054F05560C480D49474E77F01F00479328
:104A4000052412C30D100C107753F93FC54C00001C
:104A50003E92EC2F0E4A3EF007000D4A12C30D1095
:104A600012C30D1012C30D100E931F243C420C8E66
:104A70001B530B5D0B5F1F434E4C7EF00F004E939C
:104A800003240F5F7E53FB3F3F536A4B4AFF0E48A0
:104A90000F494D4C7DF01F004D9304240E5E0F6FA7
:104AA0007D53FA3F4ADECB4A00003541364137415B
:104AB000384139413A413B413041F24080FFAC112D
:104AC000C2430812C243A418C2439918C243EA1150
:104AD00030410D4F8D104D4D4F4F8F100DDF4E4E0D
:104AE0000DEE4F4D12C34F1012C34F1012C34F1093
:104AF00012C34F104E4F0EED4F4E8F100F5F0F5FD2
:104B00000F5F0F5F0FEE4E4F0E5E0E5E0E5E0E5E7F
:104B10000E5E0FEE30417F922C2C4F4F0F5F104FE7
:104B2000E4A25F4237007FF0FEFF1D3C5F4237008A
:104B30007FF0FDFF183C5F4237007FF0FBFF133C26
:104B40005F4237007FF0F7FF0E3C5F4237007FF097
:104B5000EFFF093C5F4237007FF0DFFF043C5F421C
:104B600037007FF0BFFFC24F37003041F2F07F00C7
:104B7000370030410B125F425A123FF040000324CD
:104B80000F43B01228474F43B0120A487FF00F007E
:104B9000B012164B5F425A123FF010000A200D3C33
:104BA0004F4BB0120A487FF00F00B012164B5B5308
:104BB000013C5B435B92EC11F32BB0129C478243A8
:104BC000A8018243A401F2F0DFFF5A123B413041B9
:104BD0000B120A12091208123150F2FFC29372111D
:104BE0008120B012EC47F2F0EFFF2900B012F44739
:104BF0003F403002B012C247B012EC473F403C0089
:104C0000B012C2470B43F2B01000280009243B50F9
:104C100005003F400500B012C2473B90F000F3236F
:104C20003F40A401B012C2473B90F0005D2C7A4295
:104C30007B4033001BB30B24B012F4473F40050008
:104C4000B012C247B012EC473F4041000A3CB012DC
:104C5000F4473F403C00B012C247B012EC473F401F
:104C60000500B012C24712C34B107A53E3233A40F7
:104C7000F81379424B4312C34B10B012F4473F4034
:104C80000500B012C247B012EC473F400500B01219
:104C9000C247584228003F404100B012C24778B096
:104CA000100002247BD080FF7953E523CA4B00001B
:104CB0001A533A900014DD230E434F435FEEF8136E
:104CC0007D420C4F1CF312C34F100C9302247FE063
:104CD0008CFF7D53F6231E533E92F0234F93062004
:104CE000D24372114E43043C6E42023C7E400600A9
:104CF000C29372110A240F430D410D5FDD4FF9136A
:104D000000001F533F900600F7234E9308243D42B6
:104D10000E430F413F500600B01268A1163CC1433C
:104D20000600F14012000700F1406D000800F1405C
:104D300045000900F14050000A00D14102000B007B
:104D4000D14101000C00E1410D001C4106001D4154
:104D500008001E410A001F410C0031500E0038416E
:104D600039413A413B4130410B120A1209120812F3
:104D7000071206120512064F074E084DB012FC48E6
:104D8000054F05880F45B01242494A4F4B4F0D4B16
:104D90001D530E430F47B01268A1C74A00000943D4
:104DA0000F4B2A3C0C4912C30C1012C30C1012C337
:104DB0000C100A4F0A8C0A576B460C4812C30C1091
:104DC00012C30C1012C30C100B8C0B566C4B4E48BC
:104DD0007EF007004E9303240C117E53FB3F1CF31F
:104DE0004E497EF007004E9303240C5C7E53FB3F3C
:104DF000CA5C0000195318530995D4233541364134
:104E00003741384139413A413B4130410B120A1296
:104E100009120812071206120A4F0B4E074D0F4DCA
:104E2000B0124249484F494F0D491D530E430F4B95
:104E3000B01268A1CB48000008430C430649365322
:104E40000D4B0D59093C6E4A0E8C0E5A0F4D0F58E2
:104E5000EF4E00001C5338530C96F52B0C4337F0E3
:104E60000700193C6E4A0E890E5A5E4E0100484CEE
:104E700078F00F00489303240E117853FB3F1EF384
:104E8000484C78F00F00489303240E5E7853FB3FA4
:104E9000CB5E01001C530C97E52B3641374138415E
:104EA00039413A413B4130410B120A120B4FEF425C
:104EB00000000C4E8C10CF4C0100CF4E02000C4D68
:104EC0008C108E104CEE0CEECF4C0300CF4D040036
:104ED000B012FC48B01242494A4F4D4F0E4B0E8D56
:104EE0003E5005000F4B1F53B0126EA0CB4A00007E
:104EF0003A413B4130410B120A12091208120712C3
:104F00000612051204123150F4FF814F0800814E41
:104F10000600814D00004A4CB012FC48044F1F416E
:104F20000600B012FC48054F0B443BF00700174346
:104F3000012007430B4412C30B1012C30B1012C302
:104F40000B10075B81470200064536F00700174348
:104F5000012007430B4512C30B1012C30B1012C3E1
:104F60000B10075B814704001E410800694E198140
:104F700002001F410600684F088714931D201593F7
:104F800009204A93EE202941D9430000D94301006A
:104F900030405C5525933320174106000758E793AE
:104FA00001001D204A931B202A41DA430000FA40E9
:104FB0000300010030405C551593212024932120EB
:104FC000174108000759E79301001D204A931B2051
:104FD0002941D9430000E943010030405C55185194
:104FE0000600F890030001006D204A93BA202A4180
:104FF000DA430000FA400700010030405C55159389
:1050000012202493102019510800F9900300010088
:10501000A8204A93A6202941D9430000F940060060
:10502000010030405C5514934D20359007004A280C
:105030004A9397200C453C500500094C39F0070075
:1050400012C30C1012C30C1012C30C101C531A43C1
:10505000099301200A43074C075A0D470E432F417D
:10506000B01268A14A477A532E41CE4A00001A4333
:10507000185106000C471C8104000C5E073C0E48CA
:105080000E5A0F4C0F5AEF4EFFFF1A53819A04002D
:10509000F62F2A415B4A010009930C241E434C4918
:1050A0007C537CF00F004C9303240E5E7C53FB3F3B
:1050B0004E4E023C7E4080FF4E5B2941C94E0100AE
:1050C00030405C5515934D20349007004A284A9390
:1050D00048200C443C500600084C38F0070012C32E
:1050E0000C1012C30C1012C30C101C531A4308935B
:1050F00001200A43074C075A0D470E432F41B012B7
:1051000068A14A477A532E41CE4A00001A431951EA
:1051100008000C471C8102000C5E073C0E490E5A29
:105120000F4C0F5AEF4EFFFF1A53819A0200F62FD1
:1051300029415B49010008930C241E434C487C53D1
:105140007CF00F004C9303240E5E7C53FB3F4E4ECD
:10515000023C7E4080FF4E5B2A41CA4E0100304037
:105160005C550B450594012C0B4407450495012C17
:105170000744094B12C30910079902283040EA532B
:105180004A9302243040EA5312C30910064B36F00A
:10519000030049490959069302203953013C195328
:1051A0003F4020000594332CB012D2A1814F020061
:1051B0003F402000B012D2A1814F04000D491E4192
:1051C00002001F410800B012684D0D491E41040045
:1051D0001F410800B0120C4E1A4106006B4A1B53C7
:1051E0000F4BB012D2A1814F0A003F402000B012F5
:1051F000D2A1044F0D4B0E4A1F410A00B0126EA0FF
:105200005C430D441E410A001F410200313CB012B4
:10521000D2A1814F02003F402000B012D2A1814FA5
:1052200004000D491E4102001F410600B012684DE6
:105230000D491E4104001F410600B0120C4E3F40B4
:105240002000B012D2A1814F0A001A4108006C4A16
:105250000D4C1D530E4AB0126EA03F402000B012FC
:10526000D2A1044F5C430D4F1E4102001F410A00B2
:10527000B012F64E0F44B012FC48054F0F59B01251
:105280004249474F4B4F0D4B1D530E432F41B01218
:1052900068A12A41CA4700000F49B01242494D4F48
:1052A00008430A432E410E5B0B3C1F4104006C4F28
:1052B0000C8A0C5F0F4E0F58EF4C00001A533853F6
:1052C0000A9DF32B084347472A3C0F4912C30F108E
:1052D00012C30F1012C30F100D470D8F2D516E44C6
:1052E0000F4812C30F1012C30F1012C30F100E8FEE
:1052F0000E546F4E4E487EF007004E9303240F115C
:105300007E53FB3F1FF34E497EF007004E9303246C
:105310000F5F7E53FB3FCD5F000018531953089574
:10532000D423169352202F41B012FC480A4F0B4F42
:105330002B530F4BB0124249454F3AF0070002245D
:105340003A53023C3A4007001C437AF00F004A935C
:1053500003240C5C7A53FB3F2A41594A010049CC93
:105360004C49474506430E470F4A0F57083C0D87E7
:105370002A510A5D0D4F0D56ED4A000036530A467C
:105380000A5729416D49084E088D089AF02BC943E8
:1053900001000A490A58CA4C01005A4901003BF071
:1053A00007000B241C437B537BF00F004B9303241B
:1053B0000C5C7B53FB3F4C4C023C7C4080FF4C5AC6
:1053C0002941C94C0100C94500001F410200B0122B
:1053D000DAA21F410400B012DAA21F410A00B01283
:1053E000DAA20F44B012DAA2B93C084B08580A48B6
:1053F0001A53814A0A0012C30A1012C30A1012C3B8
:105400000A100D4A2D530E432F41B01268A14E4A87
:105410005E532941C94E00001C410A003CF00700C0
:1054200016437C537CF00F004C93032406567C53A8
:10543000FB3F2941C94601001F43064B06850E4A22
:105440002E53054B05840D4B3D53853C074F375379
:1054500012C307100C4B0C87094C39F007000B24C2
:105460001A43795379F00F00499303240A5A795368
:10547000FB3F494A023C794080FF1FB334240C4F64
:1054800012C30C100C9565280A4D0A8C0C4A12C3E5
:105490000C1012C30C1012C30C101A4102000A8C1B
:1054A0000C4A1C51080069BC54240A483AF0070011
:1054B0000C4812C30C1012C30C1012C30C10094E6E
:1054C000098C1C430A9301200C43098C295167491C
:1054D0000A933A241C437A537AF00F004A933224F9
:1054E0000C5C7A53FB3F079634283C5312C30C10D4
:1054F00012C30C1012C30C101A4104000A8C0C4A7F
:105500001C51060069BC25240A483AF007000C48E3
:1055100012C30C1012C30C1012C30C10094E098CCC
:105520001C430A9301200C43098C295167490A93B3
:105530000B241C437A537AF00F004A9303240C5C2B
:105540007A53FB3F4C4C023C7C4080FF4C57C94C8B
:1055500000001F5338531F910A00782B31500C0064
:105560003441354136413741384139413A413B4177
:1055700030414F930324D24370003041F2F0FEFFDC
:10558000700030414F9303246F930C20063C9242ED
:105590001012E013824E1012304192421C1222125D
:1055A000824E1C1230415F429A184E4F3E50C0113D
:1055B0006D4EC24D9A187D930220F243C318FE43EC
:1055C000000030415F930C2403286F931820103C97
:1055D0001F4262018F105FF312241F42720130419B
:1055E0001F4264018F105FF30A241F42740130418F
:1055F0001F4266018F105FF302241F427601304183
:105600005F43B0127255F2F0BFFF04003F401B0031
:10561000FFF0FDFF0000FFF0FBFF0000FFF0F7FFD1
:1056200000004F43B012725530410E4232C2034364
:1056300003433EF25F4301204F4330414F93012427
:1056400032D230410B124B4FB0122A564E4BFE93C2
:10565000C01106201E43C29BC31803240E43013C05
:105660001E430E930E20F2939A180320C24B9A18F1
:10567000043C5E42C318CE4BC011C24BC3184B430F
:10568000023C7B400500B0123C564F4B3B41304141
:10569000C29352120820C24FF713824EB4187F40B3
:1056A0001500B01244564F433041C29354112C2080
:1056B0004F932A20D2435411D2421E115211D2B319
:1056C00066110F430F6FC24FB6119242181150115D
:1056D000D24264114E115E4266115EF35F430124B3
:1056E0004F435E4266117EF0FEFF4EDF1FF30F5FF9
:1056F000924F1A1118117EF0E7FFC24E66117F40DB
:105700001300B01244563041D2B366110F430F6FED
:105710005E4266114F9303247EF0FBFF023C7EF055
:10572000FDFFC24E66113041F2900A00DE130320E5
:10573000E2920A120324D243681130417F401000E4
:10574000B0124456C24368113041D293261113203F
:105750005F4274115F9305207F400900B0124456E8
:10576000083C6F930A20D242AE152611F240030086
:1057700074114F4330415F4330415F4330410B125E
:105780000A12091208120712B0122A56474F1A427B
:105790002E121B423012B01214480D4F1F428001CE
:1057A0005FF305241A530B63B01214480D4F12C354
:1057B0000D1012C30D1012C30D1012C30D1012C321
:1057C0000D10084D09430E4A0F4B4FEA0FEA8F1098
:1057D0004E4E8E100E5E0F6F0E5E0F6F0E5E0F6FD1
:1057E00008DE09DF4F47B0123C560E480F493741DB
:1057F000384139413A413B4130410B120A120912FA
:105800000812B0127E57084E094F1E4202141F4262
:1058100004140A4E0B4F1A520C121B620E12099FEF
:1058200009280220089E06280B9F102809200A9E9E
:105830000D28063C0B9F04280F9B27280A9E252C29
:10584000099B04280B992128089A1F2C0C4A0D4B00
:105850000C880D790D9303203C90010418280E4804
:105860000F493E5000040F63824E0214824F04140D
:105870000E4C0F4D3E5000FC3F63824E0C12824F87
:105880000E123C4000040D430A3C0C430D43824A77
:105890000214824B041482430C1282430E120A4CEF
:1058A0000A5A0A5A0A5A0A5A0A5AB0121448085886
:1058B00008580858085808580E4F0E880E9A042C9D
:1058C0000A8E3A900300062CB01214482F53824FD0
:1058D0009801033C0A5F824A9801B2F0FEFF8801FA
:1058E000B2D010008801384139413A413B41304142
:1058F0009242BA1802149242BC1804149242D6136F
:105900000C129242D8130E12B012FA579252D613BA
:10591000BA189262D813BC1830410B120A120A4E00
:105920000B4FB0127E573D40A0128D4E00008D4FA0
:1059300002008D4A04008D4B06005F4D08007FF089
:10594000FCFF6FD3CD4F08007F400C00B0124456CF
:105950003A413B4130410B12091208124B4F084D9E
:10596000094EB0127E574B4B0B5B0C4B0C5C0C5C26
:105970000C5B3C5078128C4E00008C4F02008C481F
:1059800004008C490600FCD0030008007F400C0096
:10599000B0124456384139413B4130410B120A1292
:1059A00009120812B0127E57084E094F1E42841188
:1059B0001F4286110A4E0B4F1A52EE111B62F01154
:1059C000099F09280220089E06280B9F10280920FD
:1059D0000A9E0D28063C0B9F04280F9B27280A9E31
:1059E000252C099B04280B992128089A1F2C0C4A66
:1059F0000D4B0C880D790D9303203C900104182861
:105A00000E480F493E5000040F63824E8411824FAE
:105A100086110E4C0F4D3E5000FC3F63824EEE113E
:105A2000824FF0113C4000040D430A3C0C430D43EF
:105A3000824A8411824B86118243EE118243F01117
:105A40000A4C0A5A0A5A0A5A0A5A0A5AB0121448EE
:105A5000085808580858085808580E4F0E880E9ACB
:105A6000042C0A8E3A900300062CB01214482F53CF
:105A7000824F9601033C0A5F824A9601B2F0FEFF14
:105A80008601B2D010008601384139413A413B418C
:105A900030410B120A120912494FB0122A564B4FCD
:105AA0005E4208110E5E0C4E3C50B2112D4C0D930F
:105AB0000B208E439C187F401800B01244564F4B69
:105AC000B0123C565F43163C1A4D02008C4A00004F
:105AD0000A9302208E4C9C18A24DEA13824D601747
:105AE000824DB01149930224B012F0584F4BB012BE
:105AF0003C564F4339413A413B4130410B125B42E6
:105B000008116B9335248293EA130720B0127E5755
:105B1000824EBA18824FBC18253C1E42B0118E4FDF
:105B200000000F4E2F53824FB0111D4260171C42D0
:105B3000EA130E4C0E5E0E5D0F9E182082932A1201
:105B400009244F4B0F5F8F439C187F401900B01200
:105B500044560E3C824CAE18824D2A127F401A00E9
:105B6000B01244565F43B012925A023CB012F05841
:105B70005F433B4130417F900500102C4F4F0F5F3A
:105B8000104FF4A24F43033C5F43013C6F43B012FC
:105B9000905630410F4EB012FC5A30415F433041B5
:105BA0000B120A1209120812071206120512041229
:105BB00021824B4F074E814D0200064C15411600C5
:105BC000B0122A56C14F00005E425A123EF0200029
:105BD0000524B0123C567B400500DF3CE2934611A1
:105BE00003205E420A11013C7E434E9BD02036903A
:105BF0001100032878400300013C584338F00300AB
:105C000008585A4701003AF003000A5A0A5A0A5A39
:105C10005B47010012C34B1012C34B103BF007004F
:105C20000B5B0B5B0B5B0B5B0B5B08DA08DB38D0A9
:105C300000025B43059301204B431BF38B100B5B6E
:105C40000B5B38F0FFF308DB644774F07F00B012A1
:105C50009647094F5B43059301244B431BF37C405C
:105C600007000B5B7C53FD2339F07FFF09DB5B47AB
:105C7000010012C34B1012C34B1012C34B1012C3BE
:105C80004B1012C34B105A4702001AF30A5A0A5A11
:105C90000A5A4BDA4B4B0F4B8F1039F0FFF009DFEC
:105CA0000B4F0B5B0B5B0B5B0B5B39F0FF0FE242A7
:105CB0005A128246B8119241020050128243A81132
:105CC0000F490FDBB01290470F48B01252470B43F9
:105CD0003653043C4F4BB012FC471B534E440B96BB
:105CE000032C3B900F00F6237ED080FF4F4BB01269
:105CF000FC471D437BF00F004B9303240D5D7B534A
:105D0000FB3F824DA60105934424F2D040005A1275
:105D10005D4702004E4D12C34E1012C34E1012C307
:105D20004E100B4E3BF003004D4D12C34D104A4D2B
:105D30007AF003000F43B0122847A2D26001B2F0FC
:105D4000FDFF60011C4260014D4A8D103DF00003D3
:105D50003CF0FFFC0DDC824D60011F4260010E4BE8
:105D60007D4006000E5E7D53FD233EF0FF003FF0B8
:105D70003FFF0EDF824E6001824362010E453E53BB
:105D8000824E720112C30E10824E7401023C7B429D
:105D9000013C4B436F41B0123C564F4B21523441B2
:105DA000354136413741384139413A413B41304133
:105DB0000B120A124A4FB0122A564B4FE293461169
:105DC00003205E420A11013C7E434E9A8B205D42C5
:105DD0005A124F4D3FB209248293501206204F4B66
:105DE000B0123C567F400600813C3FF02000062464
:105DF0004F4BB0123C567F400500783C7DD02000D0
:105E0000C24D5A12C24EA6114F43B0120A487FF03B
:105E10000F007F924D2C0E4F3EF00F000E5E5F4242
:105E20003700104EFEA25FD3C24F37005F423600EC
:105E30007FF0FEFF3B3C6FD3C24F37005F4236001E
:105E40007FF0FDFF333C6FD2C24F37005F42360018
:105E50007FF0FBFF2B3C7FD2C24F37005F42360002
:105E60007FF0F7FF233C7FD01000C24F37005F4226
:105E700036007FF0EFFF1A3C7FD02000C24F370082
:105E80005F4236007FF0DFFF113C7FD04000C24F01
:105E900037005F4236007FF0BFFF083C7FD080FFB5
:105EA000C24F37005F4236007FF07F00C24F36009E
:105EB000B2D01000A001B2D00300A0015F425A127C
:105EC0003FF040000A2482436401A2426401B240D0
:105ED000E00064011F43B01228474F4BB0123C56FC
:105EE0004F43043C4F4BB0123C565F433A413B4159
:105EF00030414F9303245F930720023C5F43013CF2
:105F00006F42B012B05D30415F4330410B120A1254
:105F1000091221824A4F6F93052C4E4F0E5E1F4E81
:105F200002A4023C3F40E0A3A14F0000914F0200B9
:105F300002005F4102007FF0E1FF6FD2C14F02001B
:105F40001F42D6131C42EA131D42B0114A93032488
:105F50005A9323200D3C0D9320240C931E241F9351
:105F60001C242F931A240F120E412E535F430C3C16
:105F70000D9313240C9311241F930F242F930D249E
:105F80000F120E412E536F42B012A05B21534F935C
:105F900004204F4AB012F25E1F3C1942EA131B4222
:105FA000B01129921528B0122A564E4A0E5E3E5064
:105FB0009C188E9300000A248B4900008B4302003A
:105FC0002D4E8D4B00002B538E4B0000B0123C56D3
:105FD0007F401900B0124456215239413A413B41A9
:105FE00030410B120A120912494F82932A120A24D5
:105FF0005F4208110F5F8F439C187F401900B01259
:106000004456253C1C426017824C2A121E42B01195
:106010000D4E8D108D118D108D110F4D0A4C0D4CA4
:106020008D108D118D108D110B4D0E8A0F7B0F1160
:106030000E10824EAE187F401A00B01244564F43E5
:10604000B012925A4F9303204F49B0120C5F0F4386
:1060500039413A413B4130415F9303246F9207201D
:10606000023C4F43013C5F43B012E25F30410F43BB
:106070003041B0122A564E4FC29314110820F290AC
:1060800003004A110420B0123C565F4330414F4E8A
:10609000B0123C564F433041B01272604F931124FE
:1060A0008293B6181020B240E611B6189243EE1350
:1060B000C243821192431A12D242E6117F004F432B
:1060C00030415F4330417F40050030414E4F7E50AC
:1060D00083FF6E930A2CD2D34C117FE02000C24F75
:1060E000E613F2407D00E611023CC24FE611B01209
:1060F00098603041B0122A56F2F0FEFF4C11F24087
:106100007E00E611B0123C56B012986030410B127E
:10611000B0122A564B4FC293BE1808207F400E0083
:10612000B01244564F930220D243BE184F4BB012C8
:106130003C563B4130410B120A120912D2B34C11AA
:106140000924F2F0FEFF4C11D242E613E611B01220
:106150009860873C5F42DE137F537F927D2C4F4FC8
:106160000F5F104F0EA35F423E12B012CC604B4F38
:10617000F2400300DE135E423E120A3C5F42A0186A
:10618000B012CC604B4FF2400300DE135E42A01809
:106190001F42CA18B012D24A824FCA185B3C5F42F3
:1061A00072120F5F3F504C125F4F0100B012CC6073
:1061B0004B4F594272124A490D4A0D5D3D504C12E7
:1061C0005E4D01001F42CA18B012D24A824FCA184F
:1061D0005D4234125D53C24D341259931B205E420E
:1061E0005C114F4E1F5262116F4F5E53C24E5C11D5
:1061F000C29E5E11032CE2434E124F430E4A0E5EC6
:106200003E504C12EE93000005247D930324CE4FA4
:106210000100203CE242DE131D3C5F42CA18B0126E
:10622000CC604B4FF2400500DE13143C1F42CA18ED
:106230008F10B012CC604B4FF2400600DE130A3CC8
:10624000B012F4604B4FF2400700DE13033CF24201
:10625000DE13053C4B930524F2400900DE13B01217
:106260000E6139413A413B4130410B120A124B4F0A
:106270004A4E5F420A125F930E2406286F933C2415
:106280007F900300E720463C4B93022030407C6423
:10629000B0127247F13C4B93F1201F426E12B012C4
:1062A000D24A824F6E12E2430A12C24A5A177A90B9
:1062B0004400D0205D4266115DF30324E2B2661112
:1062C000023CE2B366110E430E6E4E93C3205F4252
:1062D00066114D9302246FD2013C6FD3C24F6611F9
:1062E0005F4266117FF0E7FF7FD2C24F6611C24363
:1062F0006411F2431E11C23C4B93AC20C24E1212E9
:106300001F426E12B012D24A824F6E12F240030048
:106310000A12B43C5F42EC137F939C244B934124BC
:106320006F9398285F4252174F9302247F53013C8A
:106330006F434E4F5E4E54178E104F9302247F537F
:10634000013C6F434F4F5F4F54170FDE1F926E1289
:1063500081204F43B012AA565C4212125E42621272
:106360005B4263124F4E5F537F900600022C4D4FED
:10637000013C4D434D9B0C244E4ECE4C6412C24FFB
:1063800062127F9006000228C2436212B0120E61B0
:10639000B0127247F2F0FDFF4C11C29368116E24E7
:1063A000643C6F9346285F4253175E4F54175F4219
:1063B000661112C34F1012C34F1012C34F103FF09B
:1063C00003001F9303242F932020133C5F42661188
:1063D0007FF0E7FF7FD01000C24F66114E9302247A
:1063E0004F43023C7F400500C24F6411C24E1E1154
:1063F0000C3C5F4264117F908AFF072C4F4F1F5265
:106400001811CF4E0000D25364115D4253174F4D07
:106410005E4F54174F4D5F53C24F53177F90030089
:106420000228C24353171F426E12B012D24A824F43
:106430006E125E4252174F4ECF4A54174F4E5F5363
:10644000C24F52177F9003000228C2435217D25303
:10645000EC13143CB0127247F2F0FDFF4C115F4395
:10646000B012AA56C29368110524E2420A12B01271
:106470002857043C4B930224D2430A123A413B4131
:1064800030410B12B0122A561D4232121E42A2187F
:106490000D9303240D5E6D4D013C4D43C24D7700BD
:1064A0006E531D42A6184C4E0D9C1C2C4E4D1A3C92
:1064B0005D4202003DF04000FB275B4276001D423A
:1064C000DC130D9303240C5DCC4B00001D423212F3
:1064D0000D9304241D52A2186D4D013C4D43C24D35
:1064E0007700013C4E4E1C42A2180D4C1D53824DAC
:1064F000A2180D9EDD2BB0123C563B4130410B12D1
:10650000B0122A565B43C293F21301244B43B012DC
:106510003C564F4B3B413041C29376113920F293A8
:1065200029113620B012FE644F933224D243B015A5
:10653000C293BE110224C243B015C293B0152A24DF
:10654000F290030074112920C293261128205E4284
:1065500028117E9316244F4E5D4F3C12C24D2811D8
:106560007D930220F2432711FF433C12C24EAE1529
:10657000F2432611D24374117F400900B0124456F1
:10658000043CD2432611C2437411B0120056053C9C
:106590005F4330417F40050030414F4330414F431E
:1065A00030410B120A124A4FB0122A564B4FB0120A
:1065B000FE644F9305244F4BB0123C564F43063CAC
:1065C0004F4BB0123C564F4AB01258473A413B41EC
:1065D00030410B120A124A4FB0122A565B435A92AC
:1065E000F31301244B43B0123C564F4B3A413B410D
:1065F0003041B0122A56F2F0FBFF1D00B0123C569B
:106600003041B0122A56F2F0BFFF0200F2D0400033
:106610000000B0123C56B012826430414E4EC2436C
:10662000461282433212824FDC13824EA6188243F6
:10663000A2180E930324B0120266033C7F42B012EC
:1066400044564F4330410B120A1209120A4F494E69
:10665000B0122A564B4FB012FE644F9305244F4B95
:10666000B0123C564B431E3C4F4BB0123C56B2400E
:106670007F0048127F407F00B01258474B4F4E4971
:10668000C243461282433212824ADC13824EA6185B
:106690008243A2180E930324B0120266033C7F4289
:1066A000B01244564F4B39413A413B413041B01250
:1066B000F2655E431F428011B012466630410B12F4
:1066C0004B4FB0122A56C24B7A11B0123C566F4251
:1066D000B01244563B4130410B124B4F9243701164
:1066E000C243BE11B01218654F4BB012BE663B419B
:1066F0003041B0122A56E2D21D00B0123C56304151
:106700000B120A1209124B4FB0122A564A4FC29B63
:1067100029110424B0123C565F434C3CF24329112A
:106720005B4276114B930920B0122A56C243F213F2
:10673000B0123C56B0121865353C4C43494B02121E
:1067400032C20343C24C3001F240CDFF38011E4239
:106750003A0132418E1012C34E1012C34E104D4EEC
:106760004D5D4D5D4E5D4C8E4E4C4F4C0D497CF059
:106770000F004C9303240D117C53FB3F1DF3172492
:10678000C24E29111E434D4F7DF00F004D9303243F
:106790000E5E7D53FB3F4BCEC24B76117F40070010
:1067A000B01244564F4AB0123C564F43033C4C4E35
:1067B0005C53C53F39413A413B4130417F40030082
:1067C000B01200674F4330410B120A120912B01287
:1067D0002A56494F1B426A12B01214480A4F1F42F0
:1067E00080015FF304241B53B01214480A4F0C437A
:1067F0000D430D4B0E4A0F430A4C0B4D0ADE0BDFC7
:106800004F49B0123C560E4A0F4B39413A413B4179
:1068100030410B120A1209120812B012C867084E52
:10682000094F1E4240121F4242120A4E0B4F1A528B
:1068300038121B623A12099F09280220089E062876
:106840000B9F102809200A9E0D28063C0B9F042848
:106850000F9B27280A9E252C099B04280B99212889
:10686000089A1F2C0C4A0D4B0C880D790D930320B0
:106870003C90018018280E480F493E5000800F635D
:10688000824E4012824F42120E4C0F4D3E500080FD
:106890003F63824E3812824F3A123C4000800D43D3
:1068A0000A3C0C430D43824A4012824B42128243FF
:1068B000381282433A120A4CB01214480E4F0E8816
:1068C0000E9A052C0C4A0C8E3C900300062CB0123C
:1068D00014482F53824F9201033C0C5F824C92016B
:1068E000B2F0FEFF8201B2D010008201384139417E
:1068F0003A413B4130410B120A120912081221831E
:106900000A4E0B4FB012C867084E094FB0122A56F4
:106910008248401282494212824A3812824B3A120D
:10692000814F0000B01212682F41B0123C56215323
:10693000384139413A413B4130410B12B0122A569D
:106940004B4FB012D0463E404600B01206A00E4F4C
:106950003E500B00824EC0180F43B012F6684F4BEA
:10696000B0123C563B4130410B120A12B0122A566B
:106970004A4FB292701112207F400900B012A265F6
:10698000B012BC67B012F266924370117F400300F0
:10699000B012BE664F4AB0123C562F3CB012F265A0
:1069A000C293C41803247F400500013C6F42B0121B
:1069B000A2654E4F3EF205204F43B012A2653FF252
:1069C00004205B433F400300033C4B433F40050032
:1069D000824F7011B012F2664F4AB0123C564B9380
:1069E0000724C2438911B012BC67B0123A69053C52
:1069F0003E4040010F43B012F6683A413B413041FE
:106A00000B120A120912494F0A4EB0122A564B4F66
:106A1000B012FE644F9305244F4BB0123C564F43C7
:106A20000D3C4F4BB0123C564F49B01258470F4ADD
:106A30008F10B01258474F4AB012584739413A4167
:106A40003B4130410B120A12091208120712084F7B
:106A50004A4E074D4B4CB0122A56494FB012FE64B5
:106A60004F9305244F49B0123C564F43213C4F49A8
:106A7000B0123C564A4A0A584F4A7FD080FFB012A3
:106A80005847494F0E4A12C30E104F4E7FF0C0FFB9
:106A9000B01258474A4B093C4E4B0F4A0F8E0E4FCF
:106AA0000E576F4EB01258477B534B93F5234F4907
:106AB0003741384139413A413B4130410B12315065
:106AC000F4FFB0122A564B4F3D423E4008140F418E
:106AD000B0126EA01E421612C14E08008E10C14E9A
:106AE00009001E424412C14E0A008E10C14E0B0016
:106AF0004F4BB0123C567C400C000D414E433F4082
:106B00006001B012446A31500C003B413041B01278
:106B10002A56F2F0DFFF2500F2F0DFFF2300B0126B
:106B20003C564F433041B0122A56F2D0200031007B
:106B3000B0123C563041B0122A56F2E0400031000B
:106B4000B0123C5630410B124B4FB0122A56C24B7A
:106B5000F313B0123C563B4130410B120A1209129A
:106B60001B421E125A4B80004A9302207A401F009B
:106B7000B012F265C29AE81107244E4A3ED0E08076
:106B80007F401500B012006AC24AE811694BB0128A
:106B90002A564A4FB012FE644F9304244F4AB01253
:106BA0003C561F3C4F4AB0123C56B2403E00481281
:106BB0007F403E00B01258474F497F534F4FC2436A
:106BC0004612824B32128243DC13824FA618824354
:106BD000A2180F930324B0120266033C7F42B01246
:106BE000445639413A413B413041B0122A56F2E015
:106BF00010003100B0123C563041B0122A56F2F06B
:106C0000BFFF1D00B0123C563041B0122A56F2D0E0
:106C100040001D00B0123C5630410B120B4F4E93FA
:106C20000324B012366B193CB0122A565D42CC18C0
:106C30004E4D0E5E1B9E5C120E204E4D5E53C24E9C
:106C4000CC187E9003000228C243CC18C293AA112C
:106C50000224C243AA11B0123C565F43B0124456FC
:106C60003B4130410B12B0122A565B42AF15B012B5
:106C70003C560F4B0F5F0F5F0F5B3F502E010E4FC7
:106C80003ED000407F401800B012006A3B413041C6
:106C90000B12B0122A564B4FC293E91104241E4323
:106CA000C293B81801200E434E4E8E100E5E0E5E3B
:106CB0000E5EC293191204241D43C29300140120D6
:106CC0000D433ED0E2220D5D0D5D0D5D0D5D0EDDCF
:106CD0007F401100B012006A4F4BB0123C563B414E
:106CE00030410B120A120912081207124B4F0A4EBA
:106CF0000E936C24B0122A56484F5E425A123EF050
:106D000020000524B0123C567B400500613CE29314
:106D1000461103205E420A11013C7E434E9B5120E6
:106D20005C4A01003CF003000C5C0C5C0C5C5D4AAE
:106D3000010012C34D1012C34D103DF007000D5D50
:106D40000D5D0D5D0D5D0D5D094C09DD39D0000255
:106D5000674A77D080FFB01296470B4F3BD0800038
:106D60005D4A010012C34D1012C34D1012C34D10E5
:106D700012C34D1012C34D105C4A02001CF30C5C90
:106D80000C5C0C5C4CDD4C4C0F4C8F103BF0FFF05E
:106D90000BDF0C4F0C5C0C5C0C5C0C5C3BF0FF0FD5
:106DA000D2435A120F4B0FDCB01290470F49B0126A
:106DB00052474E474F43B012FC479243A6014B4304
:106DC000013C7B424F48B0123C56023C7B400600DF
:106DD0004F4B3741384139413A413B4130417F9037
:106DE0000300052C4E4F0E5E1E4EFCA3023C3E409F
:106DF000E8A36D4E7DF00F007D900C000F245F9393
:106E0000062403286F930D20043C4F43043C6F433A
:106E1000023C7F400300B012E26C30417F4006002C
:106E200030415F4330410B124B4F0F4E0E4D0C4E15
:106E30000D4F0CF33DF30C9302200D9330243C4096
:106E4000E8030D43B0120EA0824ED613824FD81322
:106E5000D2437112C24B0811B0127E57824EBA183B
:106E6000824FBC186B93052C4F4B0F5F1E4F02A433
:106E7000023C3E40E0A34B9303245B930620023C7C
:106E80005F43013C6F42B012E26C4F43B012925A22
:106E90004F9315205F420811B012F25E103C824EF3
:106EA000D613824FD813C2437112C24B08114F43FD
:106EB000B012925A4F9303204F4BB0120C5F4F43C6
:106EC0003B4130410B120A120912081207124B4FB4
:106ED000B0122A56474FE29346113E20C29B0A1138
:106EE0003B20C29376120520F2430A11C243461199
:106EF000313CF2430A11594248110D491D533D904E
:106F0000050001200D434B4D4E4D12C34E1012C3D0
:106F10004E1012C34E104E4E584E76121C434A4B22
:106F20007AF007004A9303240C5C7A53FB3F48BC79
:106F3000062448CCCE487612C24B4811033C0D992A
:106F4000DD237B43C24BEB11D24346117F40160039
:106F5000B01244565B43013C4B434F47B0123C5682
:106F60004F4B5FE33741384139413A413B41304172
:106F70007F900500112C4F4F0F5F104F1EA34F4302
:106F8000083C5F43063C6F43043C7F400300013CE8
:106F90006F42B012C46E30415F4330410B124B4F11
:106FA000C29F091104207F401700B01244564F4B76
:106FB000B012706F3B4130414F9304246F93052012
:106FC0007F400300B0129C6F30415F4330410B1291
:106FD0004B4FB012DE6D4F930F20C24352125B93A2
:106FE000042407286B930F20023C6F43023C7F4030
:106FF0000300B012B05D073C4F4BB012B86F0E43A8
:107000004F4BB01284553B4130417F900500242CFA
:107010004F4F0F5F104F28A34F43143C1D42FA11EE
:107020001E42FC114F43B012266E30415F43B01236
:10703000DE6D4F930320D24352123041E24352128D
:1070400030416F43B012CE6F30411D42FE111E42DF
:1070500000125F43B012266E30410E4F5F4209119D
:107060001E9303243E90030005207F930724B01253
:107070000A7030417F930224B0120A7030414F935E
:1070800003245F930820043C5F43B0129C6F30419F
:107090006F42B0129C6F30410B120A12B0122A5686
:1070A0004A4F1E42A2015EF30524B0123C567F40B7
:1070B0000500103CB01246470B4F3FF0FDFFB012E9
:1070C0004C470F4B3FF0DDFFB0124C474F4AB01218
:1070D0003C564F433A413B4130410B121E42581738
:1070E0000E9325240D4E3D532D93092C824F581796
:1070F0003D4014000E436F43B0125659163C0D4EDE
:107100003D50FDFF2D930F2CB01298704B4F4F93B5
:1071100013201F425817F2F0FDFF8A1282435817BE
:10712000B0125A70093C0E9F05204B43053C7B4032
:107130000900023C7B4005004F4B3B4130410B12A4
:107140004B4FB0122A564D4FC2933E111120D243DD
:107150003E11C24BE411B0123C56C2933C110520C3
:107160007F401F00B0124456083CD2433A11053C00
:10717000C29BE4110420B0123C564F431F3C4F4BBE
:107180001E43FF9302120420C29B051101240E43EB
:107190000E930E20F29306110320C24B0611043CFD
:1071A0005F420511CF4B0212C24B05114B43023C0B
:1071B0007B4005004F4DB0123C564F4B3B41304198
:1071C0000B120A124B4FB0122A564A4FC293461165
:1071D0000D20D2434611C24BEB117F401600B01276
:1071E00044564F4AB0123C564F43213C4E4B12C3BB
:1071F0004E1012C34E1012C34E104E4E5F4E7612FA
:107200001D434C4B7CF007004C9303240D5D7C53D5
:10721000FB3F4D4D4DBF05204DDFCE4D76124B430C
:10722000023C7B4005004F4AB0123C564F4B3A415E
:107230003B4130417F900500112C4F4F0F5F104FA5
:1072400032A34F43083C5F43063C6F43043C7F40FE
:107250000300013C6F42B012C07130415F433041C6
:107260004F9304246F9305207F400300B0123472C3
:1072700030415F4330410B120A124A4FB0122A5676
:107280004B4FF29003003E112B20C29A041128208C
:107290005D4206117D9315244E4D3E5002126F4EF5
:1072A000C24F06117F930220F2430511FE430000F6
:1072B000C24DE411F2430411D2433E117F401E003F
:1072C000083CE2430411C2433E11D2433C117F40CB
:1072D0002000B01244564F4BB0123C564F43043C72
:1072E0004F4BB0123C565F433A413B4130410B1289
:1072F0000A120912494FB0122A564A4F1E42A201E1
:107300005EF30524B0123C567F4005001C3CB012D1
:1073100046470B4F3BF0FDFF0F4BB0124C473BD0A5
:1073200020004E497E531EF37D4006000E5E7D53C5
:10733000FD233BF0BFFF0F4B0FDEB0124C474F4A0F
:10734000B0123C564F4339413A413B4130410B1258
:107350000A120B4F1F4258170E4F3E532E930C2C00
:107360000B9F5D244F4BB012EE724A4F4F935C203F
:107370009293581745203E3C0F931F204F4BB0125D
:10738000EE724A4F4F9350201B930A20E2B39E1295
:107390000F430F6F4F9304243D4046000E43033CC0
:1073A0003D4011000E435F43B0125659F2F0FDFF0D
:1073B0009E122B53824B5817373C0E4F3E50FBFF0B
:1073C0002E93282C4F4BB012EE724A4F4F932C2025
:1073D000F2F0FDFF94121F4258170E4F2E820B9EA3
:1073E0000620824B58170F4BB0125A701D3C3F902D
:1073F00005000620A24258173D4011000E43063CEE
:10740000B240030058173D4046000E435F43B012A0
:1074100056590A3C2B530F9B05204A43053C7A40A2
:107420000900023C7A4005004F4A3A413B41304155
:107430000B124B4F7F900500052C4F4F0F5F1F4FD6
:1074400006A4023C3F40E4A36F4F4E4F7EF0700015
:107450007E90100003247E9050001B20F2930911AF
:107460001120C24B09114F930438C24350171F43D8
:10747000033CD24350172F43B0124E734F930C244A
:10748000F24309114F4BB012706F4F4BB012347270
:10749000033C4F4BB0120A703B413041B0122A56A8
:1074A000F2D040002100B0123C563041B0122A56B2
:1074B000F2F0BFFF2100B0123C563041B0122A5604
:1074C000F2D020002200B0123C563041B0122A56B1
:1074D000F2F0DFFF2100B0123C563041B0122A56C4
:1074E000F2F0DFFF2200B0123C563041B0122A56B3
:1074F000F2D020002100B0123C5630410B120A128B
:107500004A434B43B0129C74F2B020002000012487
:107510005BD37A90070001244B5BB012AC745A53D2
:107520007A92F023B012BC74B012CC74B0129C7476
:10753000B012AC74B012DC74B012EC744F4B3A4120
:107540003B4130410B120A124B4F7A424B930334AA
:10755000B012EC74023CB012CC744B5BB0129C7451
:10756000B012AC747A53F2233A413B413041B0122D
:10757000DC74B012EC74B0129C74F2B020002000E5
:107580000420B012AC744F4330415F433041B0121D
:107590002A56F2D080FF2200B0123C56B0122A5672
:1075A000F2D080FF2100B0123C563D400B000E434C
:1075B0007F400500B01256594F4330410B12B012B4
:1075C000DC74B012EC74B0122A564B4FB0120E6B32
:1075D000F2D020002400F2D0200025004F4BB01242
:1075E0003C563B4130410B12B0122A56F2D04000BB
:1075F0002200B0123C56B012AC74B012DC74B0125F
:10760000EC74B0120E6BB012BC74B012EC74B01209
:10761000AC747B400900B0129C74B012AC747B5304
:10762000FA23B012BC74B012EC74B012AC74B01285
:107630009C74B012CC74B012AC74B0129C74B012C2
:10764000EC74B012AC741F428E113FF01F00824FD9
:107650008E114F4FB0124475B0126E754F930424C3
:10766000C24344115F43533C1F428E113F900600BA
:107670003B243F900700072C3F9003000E243F90CF
:1076800005004420143C3F9007001B243F901E003F
:107690003D203D400B000E430F3CB012BC755F42D5
:1076A00042111FF306203D404A010E43053CB01233
:1076B000BC753D40FA000E437F400600B01256599B
:1076C000253CB012FC744B4FB012FC74B012BC7469
:1076D000B012EC74B0129C74B012AC74C24B421174
:1076E0007F401C00B01244565F425117B0124475DF
:1076F000B0126E754F930324D2434011033CD24223
:10770000511742117F401C00B01244564F433B4179
:1077100030410B124B4FB0122A56F2F07F002D0071
:10772000F2F07F002B005E422C004B9303247EF08E
:107730007F00023C7ED080FFC24E2C00F2D080FF42
:107740002D00B0123C564F433B4130410B121F42BB
:107750000C1112C30F10C24FA918B0122A564B4F6A
:10776000D2437800B01280485E420F117EF0FAFFDB
:107770005ED3C24E7800D24210117900D24211116C
:107780007A001E420C11C24E7C008E104E4EC24E2C
:107790007D00D2420E117B005E4212117EF003008A
:1077A0007E9003000B20F2D040001B00F2D080FF3F
:1077B0001B005E4205007ED030000F3C6E9310200F
:1077C000F2F0DFFF0500F2F0BFFF1B00F2D080FFF8
:1077D0001B005E4205007ED01000C24E0500123C28
:1077E0005E930E20F2F0EFFF0500F2F07F001B0029
:1077F000F2D040001B005E4205007ED02000ED3F2D
:10780000B0129E48F2F0FEFF7800F2F0CFFF0300C6
:10781000F2F0CFFF01004F4BB0123C56B0122A5687
:10782000F2F0CFFF0300F2D030000100B0123C565E
:107830003B4130410B124B4FB0122A564E4B3E503B
:10784000F213CE9300000420DE4300004B43013CC2
:107850005B43B0123C564F4B3B4130410B120A1276
:107860004B4FB0122A564A4F4F43B01234784F93C1
:107870002F20C24B2911C29326113C20F290030005
:10788000741138207F400700B01244562C3CD2437C
:107890007411C243AE15B0124A57253CC293AE15BF
:1078A00022241E43F2933C120420C2932711012488
:1078B0000E430E931820F29328110320C24328117F
:1078C000043C5E422711CE433C12C24327110B3CBD
:1078D0001E434D4B7DF00F004D9303240E5E7D53F0
:1078E000FB3FC2DE76114F4AB0123C564F433A413D
:1078F0003B413041C2937411D123C93F0B12B012E6
:107900002A564B4F5F43B0127255F2F0DAFF700007
:107910005F43B0127255F2F03F0004003E401B007E
:10792000FEF0EFFF0000FEF0DFFF00003D403611EB
:107930006F4D7FD00500C24F7000D24D0100710025
:107940001D423411C24D74008D104D4DC24D750055
:10795000C2437300EED30000EED20000FED200005E
:10796000F2D0400004004F43B0127255F2F03F00D5
:107970000200F2F03F0000004F4BB0123C563B417A
:1079800030410B120A124B4FB0122A564A4F4F4346
:10799000B01234784F9306244F4AB0123C567F40C1
:1079A00005001E3CC29326111E20F29003007411A4
:1079B0001A200B3CE2437411C243AE15B0124A5771
:1079C000C29326110620B012FC78C24B29114B43FA
:1079D000033CC24374110A3C4F4AB0123C564F4B11
:1079E0003A413B413041C2937411E427B0122A5608
:1079F000C243F213B0123C565B43EE3FA243E21186
:107A0000D2430812E292291105246F42B012827902
:107A10004F930320B012AE6630416F42B0125C78D3
:107A200030410B12B0122A564B4F8293E2111824A8
:107A3000C24308125E42EA114E930324F2B22000C0
:107A40000520D2B3200008204E9303247E53C24E5B
:107A5000EA11B012FC79073C9243E211C243EA11E9
:107A60006F42B01200674F4BB0123C563B41304161
:107A7000B012BA4AB012F266B012F2657F42B0128A
:107A8000A2657F42B012A265B012F2666F42B012D8
:107A90000067B012227A30410B120A120912081242
:107AA00007121742DC13C293461202243040967D1F
:107AB0001F4248123FB04000022030402E7D7FF030
:107AC000BFFF7F903F0002243040967D1B42801113
:107AD0006E4BC24EE5111F42E2113F900500372464
:107AE0003F90060082242F93022430401E7DB24036
:107AF0000500E2115D42AC114D9E25242428F2B20E
:107B000020000820D2B3200005204F4E7FE34F5DB8
:107B1000C24FAC114E9317380E240F4B1F537E9259
:107B200003287E400700033CB2400600E211B01279
:107B30001C663040967DC2430812B012F2666F4256
:107B4000B0120067E93CB012707A3040967DB240C6
:107B50000600E211C29319124124C29300143E2080
:107B60005F4B02008F105E4B01000FDE3FF02000E4
:107B700035245A4B07008A105F4B06000ADFB0120B
:107B80002A5619424412B0123C560A9908245F4BF7
:107B900007008F105E4B06000FDE3F931F205F4BE8
:107BA00002008F105E4B01000FDE3FF007001F93B5
:107BB0001520B012F266B012F2657F400A00B012D2
:107BC000A265B012F266B012F2655E42E5117E5017
:107BD000F9FF0F4B3F52B0124666DD3C5E42E511A5
:107BE0007E50F9FF0F4B3F52A23FB012F266C29394
:107BF000EA1103206F42B0120067C293EA11032416
:107C0000F2B220000B20D2B3200008245A42991867
:107C10004A930424F2900B00E5110E2C1F428011B0
:107C2000CF438300CF438700CF438600CF438500F7
:107C3000FF4080FF8400373C5942A4185A93192012
:107C40000F490F5F0F5F3F506417284F1C4F020012
:107C50001D428011CD4887000E4C0F488F108E10AA
:107C60004FEE0FEECD4F8600CD4C85008C10CD4CE5
:107C70008400195379F00700C249A4187A53C24A04
:107C8000991811241F428011CF438300CF438700EE
:107C9000CF438600CF438500FF4080FF8400C2436E
:107CA000A418C24399185F42E5110F5BCF930000FF
:107CB0003334079331245F4B02008F105FDB0100E8
:107CC0007FF007001D4280116F931F201F421E127C
:107CD0000F932224B290070070111E20DF9D030035
:107CE00003001A20B2F0EFFF82016E4DDF438200E5
:107CF0000E5DDF4EFFFF7E006E4E7EF07F00CF4EAA
:107D00007F004F43B012D866073C5F9305207F4049
:107D10000A00B01244563F3CB012227A3C3CC243A7
:107D20000812B012F2666F42B0120067343C7F90C6
:107D30003E003120B012F266B29270111120B012E2
:107D4000F2657F400900B012A265B012F266B0126F
:107D5000BC67924370117F400300B012BE661B3CAB
:107D6000C293C4180520A2427011B0126869133C76
:107D7000B012BC67B24003007011B012D0463E4052
:107D80003601B01206A00E4F3E500B00824EA411D9
:107D90000F43B012F6683741384139413A413B410F
:107DA00030410B120A120B4FB0122A564A4F0F4B9A
:107DB000B012B648FF403F0000004F4AB0123C5698
:107DC0008243B0186F43B01234784F936E205F42F5
:107DD000B1154E4F5E53C24EB115CB4F0300B012DA
:107DE0002A564A4F6F43B012D2654F930B204F4A29
:107DF000B0123C56B0122A56C243F413B0123C568D
:107E00005F43553C6F42B012466B824B56124F4A4D
:107E1000B0123C565F4B02008F105E4B01000FDE2C
:107E20003FF020CC4E4F3ED041008F104F4F8F106F
:107E30000EDFCB4E01008E10CB4E0200CB438200F2
:107E4000CB437E00CB437F00CB438700CB438600F0
:107E5000CB438500FB4080FF8400D243F6131B42D6
:107E60005612B0122A561E4270113E9202241E93E0
:107E70000324B0123C56143CA2437011D243C418E0
:107E8000824B1E12C2438911B0123C567F40030040
:107E9000B01282794F9306247F400300B0125C78C1
:107EA0004F43053CB0125A6BFB3F7F4005003A41FF
:107EB0003B4130410B120A1209120B4D4A4C7C9087
:107EC00073004F2CCD4F0B00CD4E06008E10CD4EC3
:107ED0000700B0122A5619421612B0123C56CB496E
:107EE00004008910CB490500B0122A56194224110A
:107EF000B0123C56CB4908008910CB4909005F4BB2
:107F000001003FD040885E4B02008E100FDECB4F49
:107F100001008F10CB4F02004F4A7F500D00CB4F16
:107F20000000C29321110824C24321110F4BB0124B
:107F3000A27D4F930F20193CC24A5412C2435512DE
:107F4000824B6A117F400D00B0124456C29321113A
:107F50000A24033CF2432111083CC24328124F4338
:107F6000043C6F43023C7F40090039413A413B41A8
:107F700030410B120A1209120812071206120512DA
:107F800004123150F0FF064E074F0A430B4A0B5BB9
:107F90000F4B0F5F0F5F0B5F3B5078125E4B08007B
:107FA0006EB302203040A485244B154B0200184BC1
:107FB0000400194B06000C460D470C840D750D99F5
:107FC000022C3040A48504200C98022C3040A4855B
:107FD0005EF30424FBF0FDFF0800083C0E480F4947
:107FE0000E540F658B4E00008B4F02004F4A7F539B
:107FF0007F90060002283040B0854F4F0F5F104F32
:108000003CA31F4258173F90030005242F920224DF
:108010003040B085033C92435817023CA2435817A6
:108020005F4209117F9302203040B085B0120A7080
:108030003040B0851F4258173F90050006243F90FE
:10804000060002243040B085083CB01298704F936F
:108050001020824358173040B085B01298704F936B
:108060000820824358173D4000080E437F4003001C
:10807000043C3D4014000E436F43B012565930404B
:10808000B085D293981802243040B0854F43B01287
:108090003E715F43B0123E716F43B01260724F4346
:1080A000B01260721F4262171F53824F6217C14F96
:1080B00000008F10C14F02005E4220127E9012001D
:1080C000022030406C847E902C00022030406C8472
:1080D0001F42E4131D42A0110D9F052C0C4F0C8D67
:1080E0000D4C0D5D033C0D8F0D5D1D53824D06142F
:1080F000824FA0111E42E8131F42D4130F9E052C7D
:108100000C4E0C8F0F4C0F5F033C0F8E0F5F1F53F5
:10811000824FAA18824ED4131E421C121F422212F2
:108120000F9E0A24052C0C4E0C8F0F4C0F5F053C44
:108130000F8E0F5F1F53013C1F43824FBA11824EB7
:1081400022121E4210121F42E0130F9E0A24052C19
:108150000C4E0C8F0F4C0F5F053C0F8E0F5F1F53A3
:10816000013C1F43824FDA13824EE0130E431F423D
:10817000C818B012A84E1D42AA180E431F4214126E
:10818000B012A84E1D42BA110E431F423612B01251
:10819000A84E1D42DA130E431F42A211B012A84E80
:1081A0001542BC119542061402009542AA1804001B
:1081B0009542BA1106009542DA1308001E423811A2
:1081C000C24E16188E10C24E1718F2403800121800
:1081D000C24313185E4220127E9038001C204C438C
:1081E0001D4258121E4214121F42C818B012F64EF9
:1081F0004C431D42AE111E42A2111F423612B01254
:10820000F64E4C431D428A111E42AE111F425812B7
:10821000B012F64E953C7E905900AB2016428A1162
:10822000A145080007431443833C0D440D5D0D55E3
:108230002E4D2E933F280A4E2A832A9340280A4E19
:108240002A822A9241280A4E3A823A9243280A4EBA
:108250003A50F0FF3A90100043280943013C19536B
:108260000C4E0D434F497FF01F004F93052412C35E
:108270000D100C107F53F93F0C93F1230D93EF2356
:10828000084938531C434B487BF00F004B930324A1
:108290000C5C7B53FB3F0A4E0A8C3950FDFF1C439C
:1082A0004B497BF00F004B9303240C5C7B53FB3F4B
:1082B0002C831B3C29430C4308430A43163C39409A
:1082C00003002C431843113C394003003C40030099
:1082D00028430B3C394003002C4238400300053C46
:1082E000394003003C4005002842814C0400814392
:1082F000060011120800111208000D490E470F4622
:10830000B0126049215208930F24814A0C00814326
:108310000E0011121000111210000D480E490E57D8
:108320000F46B012604921520D490D58075D145394
:10833000819408007A2F0F47B0124249C64F0000BF
:10834000D24102001A18E2411B181B428A116D4BE0
:108350001D530E4B3F401C18B0126EA01E42381128
:108360003E5312C30E1012C30E106C4B7C50030010
:10837000B23C7E90220002243040B08514428A1123
:10838000A145040006431743683C0D470D5D0D559C
:10839000284D289333280B482B832B9333280B48E5
:1083A0002B822B9232280B483B823B9232280B487F
:1083B0003B50F0FF3B90100030280943013C19531B
:1083C0000E480F434D497DF01F004D93052412C305
:1083D0000F100E107D53F93F0E93F1230F93EF23EF
:1083E0000A493A531C434D4A7DF00F004D93032434
:1083F0000C5C7D53FB3F0B480B8C123C19430A432A
:108400000B430E3C29431A430B3C394003002A43DB
:10841000073C29423A400300033C394005002A4208
:10842000031213120D490E460F44B0126049215237
:108430000A930F24814B080081430A0011120C009B
:1084400011120C000D4A0E490E560F44B01260492D
:1084500021520D490D5A065D175381970400952F3F
:108460000F46B0124249C44F00006A3F1E42381105
:10847000C24E16180D4E8D10C24D1718F24038001E
:108480001218C2431318D24102001A18E2411B18F5
:10849000F2421C183F401D18D242E4131D18DF425F
:1084A000E5130100D242E8131F18DF42E91303006D
:1084B000D2421C122118DF421D120500D2421012B6
:1084C0002318DF42111207003E5312C30E1012C3CD
:1084D0000E107C400B003D400E187F401500B0127E
:1084E000B47E4F936520B012366B623CB0122A56B0
:1084F0005E423E114E930824E293041107207E53FE
:108500001B436E930428023C1B43013C0B43B012F7
:108510003C564B934D24B0122A564B4FE293041114
:1085200012205E423E115E9305207F401E00B01275
:108530004456093C6E930720D242E4110411F240E4
:1085400003003E11013C4F4BB0123C56313C1F42E0
:108550008E113F90050018243F901E0004243F9088
:1085600003002620033CC2434411223CC243441171
:10857000C293BF181D204F43B01276729242E4138B
:10858000A0118243E413143CC2434411D293BF1898
:108590000F205F43B01276729242E813D4138243E5
:1085A000E813063C1A533A900700022430408C7FAF
:1085B0007F400C00B0124456315010003441354118
:1085C00036413741384139413A413B4130410B1244
:1085D0000A1209120812071206120512041231506B
:1085E000F6FF7F90220002283040F8944F4F0F5F33
:1085F000104F48A3B0122A564E4FD292E213AB113D
:108600000620C2932C120320C243A818813C4F4E6F
:10861000B0123C565F42E2130F5F1A4FF211664AE6
:1086200047467750F3FFC2477012594A0B00544A2D
:108630000700554A0600584A090088105D4A08009C
:1086400008DD5B4A05008B105D4A04000BDD3D40F0
:1086500007000E430F4A3F500500B01268A1CA48F8
:1086600008008810CA480700CA4B0A005F42E2139C
:108670000F5F1A4FF21177907300022830402C914F
:108680004F448F104E450FDECA4F06008F10CA4F61
:108690000500CA490B00CA470900829360110224F1
:1086A00030402C91B0122A56F24005005C11C243B2
:1086B0005A11824A6211A2436011C2435611C24349
:1086C00058117653C2465E11B0123C56B0122A566B
:1086D000F2900A00DE130320B0123C561D3CB0128B
:1086E0003C56B0122A56C2934E120620D2434E1266
:1086F000C2434F125B43013C4B43B0123C564B9379
:108700000B24B0120E61B0122A56F2E020003100A4
:10871000B0123C563040F8948243601130402C91A6
:10872000B0122A564E4FD292CC1888110620C2930E
:10873000AA110320C2438C11EB3F4F4EB0123C569E
:108740005F42CC180F5F1A4F5C12574A09005B4A10
:1087500005008B105F4A06000BDF584A070088109F
:108760005F4A080008DF594A0B003D400C000E43E9
:108770000F4AB01268A13D400C000E430F4A3F5013
:108780007E00B01268A1CA4808008810CA480900D3
:108790004C470D4A0E4B4F49B012B47E4F93042004
:1087A000B012EA6B3040F894B012366B5F43304041
:1087B000AC94B0122A564B4F5F43B01226489243F6
:1087C0007011C2436E11C243BE11C243E8114F4B38
:1087D000B0123C56B0122A56814F0800B012BA4A65
:1087E0009243E211C2430812F2F0FEFF2500F2F0BC
:1087F000FEFF2300D2D32400D2D325001F4108005E
:10880000B0123C56B0122A564B4FA2927811052056
:108810007F400300B012A2654F4BB0123C56B0121D
:108820002A564B4FB012F2664F43B01200674F4BBF
:10883000B0123C566F43B012466BC243AA1130408F
:10884000F8944F43B012466B3040F894B0122A5659
:108850005A427A11B0123C567F400300B012D265E2
:108860004F933D24B0122A564B4F82437011B2F001
:10887000EFFF8201B2F0EFFF8401F2F0FDFF1F0075
:108880007F400300B0120067B012F2664F4BB01287
:108890003C56B0122A568243E211814F0800B012B2
:1088A000BA4AB012F266F2F0FEFF2500F2F0FEFFC7
:1088B00023001F410800B0123C5682437811B012C9
:1088C000FA6BB0122A56F2F0DFFF1D00B0123C56D0
:1088D000B0120A6C7F400300B0124456033C6F4351
:1088E000B012466B1B425612B0122A56C243F41302
:1088F000B0123C568293B01802243040F894F243F0
:1089000021114E4A0F4B3040328EB0122A564B4F37
:10891000C293C218022430401087D243C218A292D8
:10892000781104205F43B0125C78523C7F4006000F
:10893000B01244564D3CB0122A56C243C2183040C1
:108940001087B0122A565B422911B0123C567B9018
:10895000050002283040F8944F4B0F5F104F8CA356
:10896000B012F265B0122A564B4FA293781102242E
:1089700030401087B240030078113E4018007F401D
:108980001D00B012006AF2F0EFFF2500F2F0EFFFD9
:108990002300F2F0EFFF2400F2D0100025005F4327
:1089A000B012A2653E407F027F401C00B012006AF8
:1089B000B012646CB012906C3E40562A7F40170093
:1089C000B012006A3E40FF807F401500B012006A7E
:1089D0004F4B30401087B012F2657F400600B01256
:1089E000A265B012646CB012906CB012BC6AB01286
:1089F000F266B012F2657F400300B012A265B012B9
:108A0000F2665F43B01200677F4006003040AC94CE
:108A1000B012F265B0122A564B4FB012FE644F935B
:108A200004244F4BB0123C560D3C4F4BB0123C56F9
:108A30007F405300B01258474F43B01258474F433E
:108A4000B0125847B012F2666F43B0120067304060
:108A5000F894B0122A565B427011B0123C566B92D9
:108A600008247B920A246B931E20B0125A6B30406C
:108A7000F894B01268693040F894B012F2657F4003
:108A80000900B012A265B012F266B012BC67B01253
:108A90002A5692437011B0123C567F400300B01228
:108AA000BE663040F894B012BC673040F894B01203
:108AB000AE663040F894B0122A56814F0800B012CA
:108AC000987A3040FA8DB0122A56D242AE1526114D
:108AD000F24003007411B0123C56C29326110220DA
:108AE000B012FC78C293261102243040F8947F40E3
:108AF00007003040AC941A428011674A4E470E5A24
:108B00006F4E4F5F0F430F6FCA4F81006F4E7FF064
:108B10007F00CA4F7F00DA4EFFFF7E00594A0200F5
:108B20005B4A0100B0122A565842E911B0123C5675
:108B3000489343244E498E104F4B0EDF8E104E4EFD
:108B400012C30E1012C30E103EF003002E931D2010
:108B50005B4A07008B105F4A06000BDFB0122A56F3
:108B600019424412B0123C560B990B245F4A07007D
:108B70008F105E4A06000FDE1E433F9303240E4310
:108B8000013C1E430E931920AE3C3E900300AB20E7
:108B900091420814000091420A14020091420C1400
:108BA000040091420E1406003D420E410F4A3F5010
:108BB0000600B0124EA00F93962077900D009328D8
:108BC0001A4280115E4A02008E105F4A01000EDFD9
:108BD0000F4E8F104F4F12C30F1012C30F103FF0E4
:108BE00003000C4A3C5006008E104E4E7D4006009D
:108BF00012C30E107D53FC233E90030002242E432B
:108C0000013C3E423F90030002242F43013C3F427F
:108C10000C5F0B430F430D4C0D5F6D4D0B5D1F53F0
:108C20000F9EF93B564A0300F243B218B0122A567F
:108C30005D42B2183E4090110C432B9E0920CE9607
:108C400002000520C24DB218B0123C564A3C4D4CB1
:108C50001C532E522C92F123C24DB218B0123C5626
:108C60005842B218B0122A5678930324C2986C1155
:108C7000042058426C115D43013C4D434E480E5E4A
:108C80000E5E8E4B9011CE4692114D9307245E429C
:108C90006C115E537EF00300C24E6C11B0123C5654
:108CA000B0122A56494F0F4AB012B6486B4F4F497F
:108CB000B0123C56CA93810014247B903F001120CF
:108CC0007750F3FF0E4A3E500C000F4A814E0800C9
:108CD000B012289E1E4108004D470F4AB0126E9EEA
:108CE0000A4F824A8011B0122A56C2430812B012AB
:108CF0003C56B012227A3040F894C293E7112820F3
:108D00001A425C171B425E17B0122A561842EE1127
:108D10001942F0111852841119628611B0123C5692
:108D2000824A5C17824B5E17C243E711B0122A5683
:108D30008248841182498611824AEE11824BF011D9
:108D4000814F0800B0129C591F410800B0123C56D8
:108D5000B0127E573A3CB0127E57084E094FB2F01F
:108D6000EFFF860146433A433B40FF7F07430E47F0
:108D70000E5E0F4E0F5F0F5F0F5E3F507812EFB326
:108D8000080013240C480D492C8F1D7F02001E4F34
:108D900004001F4F06000E8C0F7D0F9B033805202B
:108DA0000E9A032C0A4E0B4F564317533790070069
:108DB000DE23469302203040F8940B9304381B9333
:108DC00008341A93062C0E480F49B012727F3040B7
:108DD000F894824A5C17824B5E17D243E711B012B7
:108DE0002A568248841182498611824AEE11824BAA
:108DF000F011814F0800B0129C591F41080030400B
:108E000010875F4228125F92211102203040F894AF
:108E1000C24F21114F9311201F426A11B012A27D3F
:108E20004F9302203040F894F24321114E4F1F42DD
:108E30006A11B0121A6C3040F894F243211130409C
:108E4000F894B0122A56C243BE185B42DE135A434E
:108E50007B9201244A4358437B90090001244843F4
:108E60004A93022048930724C243DE135E427212E3
:108E70000E5ECE434C12B0123C564A9302204893E9
:108E80001E24B0122A56D253A018F29043003E126C
:108E90000E205E4263125E9262120C245E53C24E3A
:108EA00063127E9006000628C2436312033C5AE315
:108EB0005843023C48434A43B0123C56043C4B934F
:108EC00061204A434843B0122A565B426811B012EF
:108ED0003C564B930824B0122A56F2400A00DE1387
:108EE000B0123C56413CB0122A5657424C125B42DB
:108EF0004E12B0123C56B0122A56594262125642D5
:108F00006312B0123C564996202447931E20B0129B
:108F10002A564B4FE2434C12B0122A565642621266
:108F200057426312B0123C56469705245E426312C4
:108F30005E4E6412013C4E43C24E4D12F24043005D
:108F40003E12C24372124F4B0B3C4F4B7F536F93F9
:108F50000B2CB0122A56F24045003E12D243721238
:108F6000B0123C565B43013C4B4348930C24B01277
:108F70002A56C24A5A11B0123C567F401200B01213
:108F80004456013C4B43B0122A564A4FF2900A0015
:108F9000DE130520B01228574F4A30401087B01218
:108FA0003C564B9302203040F894B0122A5682432C
:108FB000CA18C2433412D243DE13B0123C56B01268
:108FC000F4604F9302203040F894B0122A56F240D9
:108FD0000900DE13B0123C56B0120E613040F89416
:108FE000B0122A56C2934A112B20E2434A11C243BF
:108FF0001812B0123C56B0122A564B4FD29314118D
:1090000012205E424A115E9305207F401400B01288
:109010004456093C6E930720D24218121411F240B4
:1090200003004A11013C4F4BB0123C56C29314113D
:109030000320B0124C77063CB0122A56C2434A11A4
:10904000B0123C56B0122A56C243DE13C2430A1273
:10905000B0123C56C2432C123040F8947F401100AD
:109060003040AC94B01272604F9302203040F894BC
:109070008293061202243040F8948293B618022498
:109080003040F894B0122A564B4FF29003004A1128
:1090900002243040D089C293141102243040D08978
:1090A0005D4216117D931B244E4D5F4EAC18C24F8E
:1090B00016117F930220F2431511FE43AC18C24DE6
:1090C0001812F2431411D2434A117F401400B01217
:1090D0004456D2437800F2F0CFFF01000D3CD2435A
:1090E0001411C2434A11D2437800F2F0CFFF0100BD
:1090F000B0129E48B0128048B0129E483040D089CD
:1091000082436011B0122A565B425A11B0123C568B
:10911000C293581102247B4003001A426211C29389
:10912000561102243040F8944B930324B012366B4E
:10913000193CB0122A565D42E2134E4D0E5E1A9E45
:10914000F2110E204E4D5E53C24EE2137E9003008C
:109150000228C243E213C2932C120224C2432C12EF
:10916000B0123C564F433040AC94B0122A5658428D
:1091700052111B4250115A42B611B0123C5648933C
:109180002E20B0122A56474FC293AA1121205F42C7
:1091900088114E4F0E5E3E505C12284E8E4B0000E2
:1091A0004E4F5E53C24E88117E9003000228C24388
:1091B0008811D292CC1888110220D243AA11C293EE
:1091C0008C1109205F43B0124456D2438C11033CEA
:1091D000B012366B084B4F47B0123C560B48B012DA
:1091E0002A564E4A0E5E8E4B1A115E4266114A9303
:1091F00003247EF0FBFF023C7EF0FDFFC24E6611B1
:10920000C243541130401087B0122A56D24218126D
:109210001411F24003004A11B0123C56C2931411CB
:1092200002243040F894B0124C773040F8945F42FA
:10923000F713B012B86F1E42B4185F42F713B012A2
:1092400084553040F894B0122A56D242EB110A11DC
:10925000E2434611B0123C56F29005000A11022872
:109260003040F8945F420A110F5F104F96A34F43AE
:10927000083C5F43063C6F43043C7F400300013CD5
:109280006F42B01230743040F894F293091102200A
:109290003040F894C293501703243F400600023C2C
:1092A0003F400500B012DA704F930420F2430911D9
:1092B0003040F8947F4017003040AC945B42081176
:1092C000B0122A564E4B0E5E0D4E3D50B2118D43DC
:1092D00000008E4D9C18B0123C56E24308114F4BD3
:1092E000213C5A420811B0122A56484A0D480D5DD9
:1092F0001B4DB211B0123C56023C1B4B02000B93AB
:10930000FC23B0122A560E480E5E8E43B2114D4A0F
:109310000D5D3D50B2118E4D9C18B0123C56E2438B
:1093200008114F4AB0127E703040F894B0122A569D
:1093300082432A1230401087C293441102203040E9
:10934000F894F2F0FDFFBC12B012FC744A4F8A1080
:10935000B012FC744F4F0ADFB012FC74B012BC7430
:10936000B012EC74B0129C74B012AC741F428E1127
:109370003F90030004243F900500BE200E3CC243F2
:109380004411C293BF18B8204F43B0127672924274
:10939000E413A011824AE413AF3CC2434411D293B8
:1093A000BF18AA205F43B01276729242E813D4131A
:1093B000824AE813A13C1F428E113F90060006240A
:1093C0003F9007009920C2434411963CC243441188
:1093D000C2434011913CD2933A110220B0128E75D3
:1093E000B0122A56C2433A11C2433C113040108792
:1093F000B0122A56D242E4110411F24003003E1189
:10940000B0123C565F4204114F9303245F937420C3
:109410001A3CC29307110E24C29344110B20D2436D
:109420004411B24003008E11C243BF18B012E6755A
:109430004F9362244F43B01276729242E413A0110C
:109440008243E413593CC29307110E24C293441182
:109450000B20D2434411B24005008E11D243BF18F5
:10946000B012E6754F9348245F43B0127672924271
:10947000E813D4138243E8133F3CB0128E753C3C92
:10948000B0122A56F2F0BFFF2200B0123C56B012C2
:10949000AC74B012DC74B012CC74B0122A56F2F074
:1094A0007F002100B0123C567F401D00B012445690
:1094B000233CC293ED130424B012266B4F431A3C95
:1094C0005F43D293981801204F43C24F98184F938F
:1094D0000420F2F0FDFFA812053C1E42C6180F43FF
:1094E000B0121A59B0122A56F2F0DFFF3100B01252
:1094F0003C565F43B012127731500A003441354177
:1095000036413741384139413A413B413041F2938C
:109510009A180824B012A6557F930624B012CE855F
:109520005F4330414F4330414F4330410B120A12E9
:10953000091208120712061205127F920228304003
:10954000FA984F4F0F5F104FA0A31F4282018F1058
:109550005FF304241F4292013040FA98B2F0EFFF0B
:10956000820182933812492082933A1246201F4288
:1095700070113F50FDFF3F9006002F2C0F5F104FE2
:10958000B0A3F2B0100020000824A24270113E40A7
:1095900007000F43B012F668203CB0123A691D3C38
:1095A0007F400300B01282794F9305247F4003006F
:1095B000B0125C78123CB01268690F3C4F430B3C10
:1095C0007F400900B012A2655F43B0122648B01276
:1095D000BC677F400700B012D866929378110224CE
:1095E0003040FA98A2437811B012FA6BB0120A6CAC
:1095F0004F43B0125C783040FA98B0121268304095
:10960000FA981F4284018F105FF302203040FA98CD
:1096100018429401B2F0FEFF8401B2F0FDFF840114
:10962000B012C8670C4E0C880D43064E074F068CCF
:10963000077D1F4270113F90050004243F900600F3
:10964000B820983CB24006007011D2430412C243C5
:109650006E116F43B01226481C421E12CC46870082
:109660000F460D478F108D104FED0FEDCC4F86003C
:109670000F47CC4785008F10CC4F8400CC938300DC
:109680006424654C7550FBFF4945095C6D490A43EC
:109690000B430B4D8B100C430D435D4901000CDA5D
:1096A0000DDB5A4903000B430CDA0DDB5A4902006B
:1096B0004BEA0BEA8B104A4A8A100CDA0DDB0C8657
:1096C0000D77C94C03000A4D8C108A104CEA0CEA45
:1096D000C94C02000F4DC94D01008F10C94F000049
:1096E000B012F2656C420D494E450F43B012446A08
:1096F000B012F2666F490C430D430D4F8D100A43B3
:109700000B435B4901000CDA0DDB5A4903000B43A4
:109710000CDA0DDB5A4902004BEA0BEA8B104A4A7D
:109720008A100CDA0DDB0C560D67C94C03000F4C88
:109730000C4D8F108C104FEC0FECC94F02000F4DE9
:10974000C94D01008F10C94F00001D421E125F4D10
:1097500002008F105D4D01000FDD3FF0200002245C
:10976000D243BE11B012BC67B2F0EFFF8201E2B388
:109770001C00C320C24304125F43B01226481D429E
:109780001E125F4D02008F105D4D01000FDD3FF096
:1097900020000924B240070070113E4000010F4331
:1097A000B012F668033C4F43B012D866E2B31C0017
:1097B000A424C2936E112720C29304122420D24302
:1097C00004126F43B01226485C421C005D42991897
:1097D0007D920E2C4F4D5F52A4183FF007000F5F93
:1097E0000F5F8F4664178F4766175D53C24D9918F8
:1097F000D2436E1182484A12E2B31C007E204E4CC6
:109800006EF35A4301204A43D29304127620C24396
:1098100004125F43B0122648C2436E114A936D2072
:109820000F481F824A123F900A00672C5F42991826
:109830004F9303247F53C24F99181F421E120F9358
:109840005C24CF438300CF438700CF438600CF43C0
:109850008500FF4080FF8400503C1F4286018F102E
:109860005FF303241F429601483CB2F0EFFF8601EC
:109870008293EE1108208293F01105207F400B00A7
:10988000B01244563A3CB0129C59373C1F428801F2
:109890008F105FF303241F4298012F3CB2F0EFFFBB
:1098A000880182930C12082082930E1205205F42D9
:1098B0000811B012F25E213CB012FA571E3C1F4252
:1098C0008A018F105FF319241F429A01163C1F4230
:1098D0008C018F105FF311241F429C010E3C1F422C
:1098E0008E018F105FF309241F429E01063C9253A4
:1098F0002E128263301292536A123541364137413B
:10990000384139413A413B4130410F120E120D129C
:109910000C124F43B012C4553C413D413E413F41C2
:10992000B1C0F000000000130F120E120D120C1245
:109930001F422E014F4F12C34F10B012C4553C416D
:109940003D413E413F41B1C0F000000000130F1205
:109950000E120D120C124F43B0122C953C413D419A
:109960003E413F41B1C0F000000000130F120E1243
:109970000D120C121F421E014F4F12C34F10B01296
:109980002C953C413D413E413F41B1C0F0000000BB
:1099900000130F120E120D120C1221835E422300CF
:1099A0005F4225004FFE4F4F814F000091B30000F2
:1099B0000E24F2F0FEFF23009293E2110520A24351
:1099C000E211B012FC79583CD253EA11553CA1B3D4
:1099D000000005245F4223007FF0FDFF4B3CA1B255
:1099E000000005245F4223007FF0FBFF433CB1B23F
:1099F000000005245F4223007FF0F7FF3B3CB1B03D
:109A0000100000001824F2F0EFFF2300A2427811AA
:109A1000F2F0EFFF2500F2F0EFFF23000E437F404E
:109A20001D00B012006AB012BC6AB012F266B01229
:109A3000F2656F430B3CB1B0200000000A24F2F045
:109A4000DFFF2300B0120E6B7F401B00B0124456A4
:109A5000133CB1B04000000005245F4223007FF0BA
:109A6000BFFF083CB1B08000000006245F42230025
:109A70007FF07F00C24F230021533C413D413E41D6
:109A80003F41B1C0F000000000130F120E120D1282
:109A90000C1221835E422B005F422D004FFE4F4F80
:109AA000814F000091B3000005245F422B007FF03E
:109AB000FEFF073CA1B3000007245F422B007FF0AC
:109AC000FDFFC24F2B00433CA1B2000005245F42C2
:109AD0002B007FF0FBFFF53FB1B2000005245F4291
:109AE0002B007FF0F7FFED3FB1B010000000052420
:109AF0005F422B007FF0EFFFE43FB1B02000000099
:109B000005245F422B007FF0DFFFDB3FB1B0400058
:109B1000000005245F422B007FF0BFFFD23FB1B0B1
:109B2000800000001424F2F07F002B00F2F07F0090
:109B30002D00F2F07F002B005F43C293ED13012450
:109B40004F43C24FED137F402100B01244562153C2
:109B50003C413D413E413F41B1C0F0000000001397
:109B60000F120E120D120C125E4276005F4274113B
:109B70004F931C24183CC293261118201F42DC135B
:109B80000F9304241F52A218CF4EFFFF9292A618E3
:109B9000A218032CB0128264093CF2F0BFFF00004F
:109BA000B012987A033C7F900300E5273C413D4189
:109BB0003E413F41B1C0F000000000130F125F4270
:109BC00070003FF0200006245F4270002FF2022454
:109BD0005F4270003F41B1C0F000000000130F125F
:109BE0000E120D120C125E427E005F424A114F931C
:109BF00031242D3CC29314112D201D4206120D93C9
:109C00000E241F42D2130D5FCD4E00001F53824F12
:109C1000D2131F9274121E28824306121B3C7E90A0
:109C20007E0003204E435F430F3C7E907D00032067
:109C3000E2D34C110F3CE2B34C110524F2F0FDFFCE
:109C40004C117EE020004F43B0126A62033C7F90CB
:109C50000300D0273C413D413E413F41B1C0F000AF
:109C6000000000130F120E120D120C125F424A1167
:109C70004F931E241A3CC29314111A20C2938211CE
:109C80000F201F421A121F92EE130A2C1E42B61802
:109C90000E5F6E4E1F53824F1A12C24E7F00083C59
:109CA0008243B618B0123661033C7F900300E3276D
:109CB0003C413D413E413F41B1C0F0000000001336
:109CC0000F120E120D120C120B121F42A8013F9020
:109CD00005000A2CB01296471E42A6010E939B2443
:109CE0003FF080005E4301244E435F425A123FF032
:109CF0001F003F533F9010008C2C0F5F104FBCA3F0
:109D0000B012744B1E4240015F42A611B012765B46
:109D1000823C1E4240015F42A611B012765B4F9317
:109D20007A24773C1F42A8110F5F1C4250120C5F2F
:109D30005B42EC110D434F4D0F5F3F504001AC4F64
:109D400000002C531D530D9BF62B1B52A811824B68
:109D5000A8114E930320829BB8115D20B012744B62
:109D60008243A811583C1D42A8110F4D0F5F1B42A2
:109D700050120B5F1F42B8110F8D0D4F3F90110015
:109D800002283D4010000C434F4C0F5F3F504001F4
:109D9000AB4F00002B531C530C9DF62B1D52A811EA
:109DA000824DA8114E9304201F42B8110F9D092027
:109DB000B012744B8243A8115F42A611B0125860D2
:109DC0002A3C0F8D3F901000262C4F43B0120A48BA
:109DD0004E4F7ED080FF5F42B8115F82A811B01253
:109DE000FC47193C1D4250124E434F4E0F5F3F50EF
:109DF0004001AD4F00002D535E534F4E1F92B811DE
:109E0000F42B5F42A611B0125860824F50120F938C
:109E10000220B012744B3B413C413D413E413F4129
:109E2000B1C0F000000000130B120A1209120B4F10
:109E30005A4F07008A105F4F06000ADFB0122A56F9
:109E400019422411B0123C560A990B245E4B0700AC
:109E50008E105F4B06000EDF1F433E9303240F431B
:109E6000013C1F434F4F39413A413B4130410B12B6
:109E70000A1209120A4F0B4E494DB012EA6B0F4AF3
:109E8000B012289E4F935724FA907B000B0053206A
:109E9000799010005020DB9300004D20FB901900BA
:109EA00001004920FB90240002004520FB90DEFFCA
:109EB00003004120FB90E9FF0C003D20FB903700A0
:109EC0000D003920FB909CFF0E003520FB90030015
:109ED0000F003120FB90570005000420B2400F5ABC
:109EE0002001FF3FD24B060020125E4B0A005D4B63
:109EF0000B007D527DF00F004D9303240E5E7D53C9
:109F0000FB3F824EC618D24B080098185F4B0900E1
:109F10007F9077000A20E2B3A8120D430D6D4D9398
:109F20000A200F43B0121A59063C7F9033000320D9
:109F3000F2F0FDFFA8120F4A39413A413B4130414E
:109F40000B120A1209120812071206120512041245
:109F5000084C094D0A430B430C4E0D4F0E430F4363
:109F6000B012AC9F34413541364137413841394117
:109F70003A413B4130410B120A12091208120712F2
:109F800006120512041218411200194114001A4158
:109F900016001B411800B012AC9F344135413641C8
:109FA0003741384139413A413B413041044305434F
:109FB000064307430E3C12C30B100A100910081089
:109FC0000428045C056D066E076F0C5C0D6D0E6E4B
:109FD0000F6F0893F0230993EE230A93EC230B935E
:109FE000EA230C440D450E460F4730417C401000DB
:109FF0000D4E0E430F5F0E6E0E9D02280E8D1FD369
:10A000001C83F8233041B012EC9F0F4E30410B12ED
:10A010000A120912794020000A4C0B4D0C430D43E3
:10A020000E5E0F6F0C6C0D6D0D9B062802200C9AB6
:10A0300003280C8A0D7B1ED31983F22339413A4140
:10A040003B413041B0120EA00E4C0F4D30410B126F
:10A050000D930A247B4F7C4E4B9C04244F4B4E4C5B
:10A060000F8E033C3D53F43F0F433B4130410B12F5
:10A070000A120912081207120D9370240F9E6E2403
:10A08000342C0C4E0CDF1CF31B240C4E0CEF1CF379
:10A0900007202D9307280B4E1BF32C430C8B033CFE
:10A0A0000C4D013C1C430D8C0A4C094E0B4FFB49D7
:10A0B00000001B533A53FB230A4F0A5C0E5C013C21
:10A0C0000A4F0B4D12C30B100B24094B084E0C4AC0
:10A0D000BC4800002C533953FB230B5B0E5B0A5B1F
:10A0E0001DF33C24EA4E0000393C0E5D0C4F0C5D24
:10A0F0000B4C0BDE1BF31B240B4C0BEE1BF306204F
:10A100003D90030003280B4E1BF3013C0B4D0D8BC0
:10A11000094E0A4C084B088C3A533953EA4900005F
:10A12000074A0758F9233BE31B530C5B0E5B0B4DAF
:10A1300012C30B100E240A4B084E094C28832983A6
:10A14000A94800003A53FA230A8B0B4A0B5B0E5BBB
:10A150000C5B1DF30324DC4EFFFFFFFF374138414A
:10A1600039413A413B4130410B120A12091208129F
:10A170003D900600092C0C4F043CCC4E00001C53B3
:10A180003D530D93FA23203C4E4E4B4E0B9303242C
:10A190000C4B8C100BDC1FB306243D53CF4E00003C
:10A1A000094F1953013C094F0C4D12C30C100A49B9
:10A1B000084C8A4B00002A533853FB230C5C0C5983
:10A1C0001DF30224CC4E0000384139413A413B4155
:10A1D00030410B120A120912081207120612051258
:10A1E00004123D40D1183DF0FEFFC2937E110520C0
:10A1F000D2437E11BD40FEFF00000A413A50D8FF15
:10A200000C4F1C5312C30C10033C1E530E5E0D5E0C
:10A210002F4D0E4F12C30E1055433E90FF7F012469
:10A2200045431FF34E2045931624084A0E4A8E10CC
:10A230008E118E108E11094E064D0E4D8E108E1100
:10A240008E108E11074E0E480F490E860F770F1194
:10A250000E103E53183C044E14530B440B5B0B5D25
:10A260002F4B1FB310200E4F3EF0FEFF3E90FEFF1F
:10A27000052412C30F100F540F5F023C3F40FEFF36
:10A280008D4F0000C53F0E9C1C280F4C1F530F5FC5
:10A290000F5D0A9F182845930424BF40FEFF00006D
:10A2A000093C0E9C07240B4C3BE30B5E8F4B0000DC
:10A2B000AF5F00000C5C1CD38D4C00000F4D2F5382
:10A2C000033C4593A2270F43344135413641374182
:10A2D000384139413A413B413041BFF0FEFFFEFF7A
:04A2E00030410013F6
:10A2E400224B2C4B364B404B4A4B544B5E4B6C4BE6
:10A2F400845B945B885B8C5B945B265E365E465E17
:10A30400565E665E785E8A5E9C5E66617C619E6176
:10A314001A622C6240624E625E627E6F826F866F4A
:10A324008A6F906F18701C702C7042704A70427261
:10A3340046724A724E72547202803480B0858280B2
:10A34400EC844E85F4852087B28742884C880A893C
:10A3540036894289B68AC68AF68AFA8C568D028E66
:10A36400428EE08F5C90649000916A9108922E92E4
:10A3740046928A92BC92E2922C933893B693D693E7
:10A38400F0937A948094B2946089D689108A528A20
:10A39400AE8A6E92729276927A9280924A950296E0
:10A3A4005A988C98BE98CE98DE98EE988295A0958F
:10A3B400C095DA95BC95A095009D129D129E669D50
:10A3C400129E129E129EE49D129E129E129E129E38
:10A3D400129E129E129E249D1B0104001B01040068
:10A3E4000C0000000C000000000010005000900061
:10A3F400D000F000009C0208DCA3DCA30011DCA365
:0CA404000011DCA3DCA3DCA3001100119C
:10A410001401040002FFFF0102FFFF0009001010F9
:10A420002008030001FFFF00BE12BE124813FFFF09
:10A43000FFFF2200010001FFFFFF01001200841056
:0AA4400020080300020012A2010030
:10FFE000CC468A9A649CDE9B929928990A99C09C77
:10FFF000BC9B609BCC46CC466C994E99CC4600404D
:0400000300004000B9
:00000001FF
